[0.056s] Invoking command in '/home/ashish/arduinobot_ws/build/arduinobot_controller': CMAKE_PREFIX_PATH=${CMAKE_PREFIX_PATH}:/opt/ros/humble /usr/bin/cmake --build /home/ashish/arduinobot_ws/build/arduinobot_controller -- -j2 -l2
[0.215s] Invoked command in '/home/ashish/arduinobot_ws/build/arduinobot_controller' returned '0': CMAKE_PREFIX_PATH=${CMAKE_PREFIX_PATH}:/opt/ros/humble /usr/bin/cmake --build /home/ashish/arduinobot_ws/build/arduinobot_controller -- -j2 -l2
[0.283s] Invoking command in '/home/ashish/arduinobot_ws/build/arduinobot_controller': CMAKE_PREFIX_PATH=${CMAKE_PREFIX_PATH}:/opt/ros/humble /usr/bin/cmake --install /home/ashish/arduinobot_ws/build/arduinobot_controller
[0.295s] -- Install configuration: ""
[0.296s] -- Up-to-date: /home/ashish/arduinobot_ws/install/arduinobot_controller/share/arduinobot_controller/config
[0.296s] -- Installing: /home/ashish/arduinobot_ws/install/arduinobot_controller/share/arduinobot_controller/config/arduinobot_controllers.yaml
[0.297s] -- Up-to-date: /home/ashish/arduinobot_ws/install/arduinobot_controller/share/arduinobot_controller/launch
[0.297s] -- Up-to-date: /home/ashish/arduinobot_ws/install/arduinobot_controller/share/arduinobot_controller/launch/controller.launch.py
[0.297s] -- Up-to-date: /home/ashish/arduinobot_ws/install/arduinobot_controller/share/ament_index/resource_index/package_run_dependencies/arduinobot_controller
[0.297s] -- Up-to-date: /home/ashish/arduinobot_ws/install/arduinobot_controller/share/ament_index/resource_index/parent_prefix_path/arduinobot_controller
[0.298s] -- Up-to-date: /home/ashish/arduinobot_ws/install/arduinobot_controller/share/arduinobot_controller/environment/ament_prefix_path.sh
[0.298s] -- Up-to-date: /home/ashish/arduinobot_ws/install/arduinobot_controller/share/arduinobot_controller/environment/ament_prefix_path.dsv
[0.298s] -- Up-to-date: /home/ashish/arduinobot_ws/install/arduinobot_controller/share/arduinobot_controller/environment/path.sh
[0.298s] -- Up-to-date: /home/ashish/arduinobot_ws/install/arduinobot_controller/share/arduinobot_controller/environment/path.dsv
[0.299s] -- Up-to-date: /home/ashish/arduinobot_ws/install/arduinobot_controller/share/arduinobot_controller/local_setup.bash
[0.299s] -- Up-to-date: /home/ashish/arduinobot_ws/install/arduinobot_controller/share/arduinobot_controller/local_setup.sh
[0.299s] -- Up-to-date: /home/ashish/arduinobot_ws/install/arduinobot_controller/share/arduinobot_controller/local_setup.zsh
[0.299s] -- Up-to-date: /home/ashish/arduinobot_ws/install/arduinobot_controller/share/arduinobot_controller/local_setup.dsv
[0.299s] -- Installing: /home/ashish/arduinobot_ws/install/arduinobot_controller/share/arduinobot_controller/package.dsv
[0.300s] -- Up-to-date: /home/ashish/arduinobot_ws/install/arduinobot_controller/share/ament_index/resource_index/packages/arduinobot_controller
[0.300s] -- Up-to-date: /home/ashish/arduinobot_ws/install/arduinobot_controller/share/arduinobot_controller/cmake/arduinobot_controllerConfig.cmake
[0.300s] -- Up-to-date: /home/ashish/arduinobot_ws/install/arduinobot_controller/share/arduinobot_controller/cmake/arduinobot_controllerConfig-version.cmake
[0.300s] -- Up-to-date: /home/ashish/arduinobot_ws/install/arduinobot_controller/share/arduinobot_controller/package.xml
[0.307s] Invoked command in '/home/ashish/arduinobot_ws/build/arduinobot_controller' returned '0': CMAKE_PREFIX_PATH=${CMAKE_PREFIX_PATH}:/opt/ros/humble /usr/bin/cmake --install /home/ashish/arduinobot_ws/build/arduinobot_controller
