[0.037s] Invoking command in '/home/ashish/arduinobot_ws/build/arduinobot_description': CMAKE_PREFIX_PATH=/opt/ros/humble /usr/bin/cmake /home/ashish/arduinobot_ws/src/arduinobot_description -DCMAKE_INSTALL_PREFIX=/home/ashish/arduinobot_ws/install/arduinobot_description
[0.277s] -- The C compiler identification is GNU 11.4.0
[0.443s] -- The CXX compiler identification is GNU 11.4.0
[0.465s] -- Detecting C compiler ABI info
[0.682s] -- Detecting C compiler ABI info - done
[0.703s] -- Check for working C compiler: /usr/bin/cc - skipped
[0.704s] -- Detecting C compile features
[0.709s] -- Detecting C compile features - done
[0.719s] -- Detecting CXX compiler ABI info
[0.855s] -- Detecting CXX compiler ABI info - done
[0.874s] -- Check for working CXX compiler: /usr/bin/c++ - skipped
[0.875s] -- Detecting CXX compile features
[0.877s] -- Detecting CXX compile features - done
[0.898s] -- Found ament_cmake: 1.3.10 (/opt/ros/humble/share/ament_cmake/cmake)
[1.268s] -- Found Python3: /usr/bin/python3 (found version "3.10.12") found components: Interpreter 
[1.499s] -- Found ament_lint_auto: 0.12.11 (/opt/ros/humble/share/ament_lint_auto/cmake)
[1.701s] -- Added test 'flake8' to check Python code syntax and style conventions
[1.706s] -- Added test 'lint_cmake' to check CMake code style
[1.707s] -- Added test 'pep257' to check Python code against some of the docstring style conventions in PEP 257
[1.716s] -- Added test 'xmllint' to check XML markup files
[1.719s] -- Configuring done
[1.726s] -- Generating done
[1.729s] -- Build files have been written to: /home/ashish/arduinobot_ws/build/arduinobot_description
[1.741s] Invoked command in '/home/ashish/arduinobot_ws/build/arduinobot_description' returned '0': CMAKE_PREFIX_PATH=/opt/ros/humble /usr/bin/cmake /home/ashish/arduinobot_ws/src/arduinobot_description -DCMAKE_INSTALL_PREFIX=/home/ashish/arduinobot_ws/install/arduinobot_description
[1.744s] Invoking command in '/home/ashish/arduinobot_ws/build/arduinobot_description': CMAKE_PREFIX_PATH=/opt/ros/humble /usr/bin/cmake --build /home/ashish/arduinobot_ws/build/arduinobot_description -- -j2 -l2
[1.876s] Invoked command in '/home/ashish/arduinobot_ws/build/arduinobot_description' returned '0': CMAKE_PREFIX_PATH=/opt/ros/humble /usr/bin/cmake --build /home/ashish/arduinobot_ws/build/arduinobot_description -- -j2 -l2
[1.975s] Invoking command in '/home/ashish/arduinobot_ws/build/arduinobot_description': CMAKE_PREFIX_PATH=/opt/ros/humble /usr/bin/cmake --install /home/ashish/arduinobot_ws/build/arduinobot_description
[1.994s] -- Install configuration: ""
[1.995s] -- Installing: /home/ashish/arduinobot_ws/install/arduinobot_description/share/ament_index/resource_index/package_run_dependencies/arduinobot_description
[1.996s] -- Installing: /home/ashish/arduinobot_ws/install/arduinobot_description/share/ament_index/resource_index/parent_prefix_path/arduinobot_description
[1.996s] -- Installing: /home/ashish/arduinobot_ws/install/arduinobot_description/share/arduinobot_description/environment/ament_prefix_path.sh
[1.997s] -- Installing: /home/ashish/arduinobot_ws/install/arduinobot_description/share/arduinobot_description/environment/ament_prefix_path.dsv
[1.997s] -- Installing: /home/ashish/arduinobot_ws/install/arduinobot_description/share/arduinobot_description/environment/path.sh
[1.998s] -- Installing: /home/ashish/arduinobot_ws/install/arduinobot_description/share/arduinobot_description/environment/path.dsv
[1.998s] -- Installing: /home/ashish/arduinobot_ws/install/arduinobot_description/share/arduinobot_description/local_setup.bash
[2.000s] -- Installing: /home/ashish/arduinobot_ws/install/arduinobot_description/share/arduinobot_description/local_setup.sh
[2.000s] -- Installing: /home/ashish/arduinobot_ws/install/arduinobot_description/share/arduinobot_description/local_setup.zsh
[2.001s] -- Installing: /home/ashish/arduinobot_ws/install/arduinobot_description/share/arduinobot_description/local_setup.dsv
[2.001s] -- Installing: /home/ashish/arduinobot_ws/install/arduinobot_description/share/arduinobot_description/package.dsv
[2.002s] -- Installing: /home/ashish/arduinobot_ws/install/arduinobot_description/share/ament_index/resource_index/packages/arduinobot_description
[2.002s] -- Installing: /home/ashish/arduinobot_ws/install/arduinobot_description/share/arduinobot_description/cmake/arduinobot_descriptionConfig.cmake
[2.003s] -- Installing: /home/ashish/arduinobot_ws/install/arduinobot_description/share/arduinobot_description/cmake/arduinobot_descriptionConfig-version.cmake
[2.003s] -- Installing: /home/ashish/arduinobot_ws/install/arduinobot_description/share/arduinobot_description/package.xml
[2.010s] Invoked command in '/home/ashish/arduinobot_ws/build/arduinobot_description' returned '0': CMAKE_PREFIX_PATH=/opt/ros/humble /usr/bin/cmake --install /home/ashish/arduinobot_ws/build/arduinobot_description
