[0.097s] Invoking command in '/home/ashish/arduinobot_ws/build/arduinobot_controller': CMAKE_PREFIX_PATH=${CMAKE_PREFIX_PATH}:/opt/ros/humble /usr/bin/cmake --build /home/ashish/arduinobot_ws/build/arduinobot_controller -- -j2 -l2
[0.270s] Invoked command in '/home/ashish/arduinobot_ws/build/arduinobot_controller' returned '0': CMAKE_PREFIX_PATH=${CMAKE_PREFIX_PATH}:/opt/ros/humble /usr/bin/cmake --build /home/ashish/arduinobot_ws/build/arduinobot_controller -- -j2 -l2
[0.330s] Invoking command in '/home/ashish/arduinobot_ws/build/arduinobot_controller': CMAKE_PREFIX_PATH=${CMAKE_PREFIX_PATH}:/opt/ros/humble /usr/bin/cmake --install /home/ashish/arduinobot_ws/build/arduinobot_controller
[0.346s] -- Install configuration: ""
[0.347s] -- Up-to-date: /home/ashish/arduinobot_ws/install/arduinobot_controller/share/arduinobot_controller/config
[0.347s] -- Installing: /home/ashish/arduinobot_ws/install/arduinobot_controller/share/arduinobot_controller/config/arduinobot_controllers.yaml
[0.349s] -- Up-to-date: /home/ashish/arduinobot_ws/install/arduinobot_controller/share/arduinobot_controller/launch
[0.354s] -- Up-to-date: /home/ashish/arduinobot_ws/install/arduinobot_controller/share/arduinobot_controller/launch/controller.launch.py
[0.359s] -- Up-to-date: /home/ashish/arduinobot_ws/install/arduinobot_controller/share/ament_index/resource_index/package_run_dependencies/arduinobot_controller
[0.375s] -- Up-to-date: /home/ashish/arduinobot_ws/install/arduinobot_controller/share/ament_index/resource_index/parent_prefix_path/arduinobot_controller
[0.376s] -- Up-to-date: /home/ashish/arduinobot_ws/install/arduinobot_controller/share/arduinobot_controller/environment/ament_prefix_path.sh
[0.376s] -- Up-to-date: /home/ashish/arduinobot_ws/install/arduinobot_controller/share/arduinobot_controller/environment/ament_prefix_path.dsv
[0.377s] -- Up-to-date: /home/ashish/arduinobot_ws/install/arduinobot_controller/share/arduinobot_controller/environment/path.sh
[0.377s] -- Up-to-date: /home/ashish/arduinobot_ws/install/arduinobot_controller/share/arduinobot_controller/environment/path.dsv
[0.378s] -- Up-to-date: /home/ashish/arduinobot_ws/install/arduinobot_controller/share/arduinobot_controller/local_setup.bash
[0.378s] -- Up-to-date: /home/ashish/arduinobot_ws/install/arduinobot_controller/share/arduinobot_controller/local_setup.sh
[0.379s] -- Up-to-date: /home/ashish/arduinobot_ws/install/arduinobot_controller/share/arduinobot_controller/local_setup.zsh
[0.379s] -- Up-to-date: /home/ashish/arduinobot_ws/install/arduinobot_controller/share/arduinobot_controller/local_setup.dsv
[0.380s] -- Up-to-date: /home/ashish/arduinobot_ws/install/arduinobot_controller/share/arduinobot_controller/package.dsv
[0.381s] -- Up-to-date: /home/ashish/arduinobot_ws/install/arduinobot_controller/share/ament_index/resource_index/packages/arduinobot_controller
[0.381s] -- Up-to-date: /home/ashish/arduinobot_ws/install/arduinobot_controller/share/arduinobot_controller/cmake/arduinobot_controllerConfig.cmake
[0.382s] -- Up-to-date: /home/ashish/arduinobot_ws/install/arduinobot_controller/share/arduinobot_controller/cmake/arduinobot_controllerConfig-version.cmake
[0.382s] -- Up-to-date: /home/ashish/arduinobot_ws/install/arduinobot_controller/share/arduinobot_controller/package.xml
[0.437s] Invoked command in '/home/ashish/arduinobot_ws/build/arduinobot_controller' returned '0': CMAKE_PREFIX_PATH=${CMAKE_PREFIX_PATH}:/opt/ros/humble /usr/bin/cmake --install /home/ashish/arduinobot_ws/build/arduinobot_controller
