[0.045s] Invoking command in '/home/ashish/arduinobot_ws/build/arduinobot_description': CMAKE_PREFIX_PATH=${CMAKE_PREFIX_PATH}:/opt/ros/humble /usr/bin/cmake --build /home/ashish/arduinobot_ws/build/arduinobot_description -- -j2 -l2
[0.256s] Invoked command in '/home/ashish/arduinobot_ws/build/arduinobot_description' returned '0': CMAKE_PREFIX_PATH=${CMAKE_PREFIX_PATH}:/opt/ros/humble /usr/bin/cmake --build /home/ashish/arduinobot_ws/build/arduinobot_description -- -j2 -l2
[0.304s] Invoking command in '/home/ashish/arduinobot_ws/build/arduinobot_description': CMAKE_PREFIX_PATH=${CMAKE_PREFIX_PATH}:/opt/ros/humble /usr/bin/cmake --install /home/ashish/arduinobot_ws/build/arduinobot_description
[0.323s] -- Install configuration: ""
[0.324s] -- Up-to-date: /home/ashish/arduinobot_ws/install/arduinobot_description/share/arduinobot_description/launch
[0.324s] -- Up-to-date: /home/ashish/arduinobot_ws/install/arduinobot_description/share/arduinobot_description/launch/gazebo.launch.py
[0.324s] -- Up-to-date: /home/ashish/arduinobot_ws/install/arduinobot_description/share/arduinobot_description/meshes
[0.326s] -- Up-to-date: /home/ashish/arduinobot_ws/install/arduinobot_description/share/arduinobot_description/meshes/right_finger.STL
[0.326s] -- Up-to-date: /home/ashish/arduinobot_ws/install/arduinobot_description/share/arduinobot_description/meshes/triangular_link.STL
[0.326s] -- Up-to-date: /home/ashish/arduinobot_ws/install/arduinobot_description/share/arduinobot_description/meshes/left_finger.STL
[0.326s] -- Up-to-date: /home/ashish/arduinobot_ws/install/arduinobot_description/share/arduinobot_description/meshes/base_plate.STL
[0.326s] -- Up-to-date: /home/ashish/arduinobot_ws/install/arduinobot_description/share/arduinobot_description/meshes/plate.STL
[0.326s] -- Up-to-date: /home/ashish/arduinobot_ws/install/arduinobot_description/share/arduinobot_description/meshes/horizontal_arm.STL
[0.327s] -- Up-to-date: /home/ashish/arduinobot_ws/install/arduinobot_description/share/arduinobot_description/meshes/basement.STL
[0.327s] -- Up-to-date: /home/ashish/arduinobot_ws/install/arduinobot_description/share/arduinobot_description/meshes/servo_plate.STL
[0.327s] -- Up-to-date: /home/ashish/arduinobot_ws/install/arduinobot_description/share/arduinobot_description/meshes/forward_drive_arm.STL
[0.327s] -- Up-to-date: /home/ashish/arduinobot_ws/install/arduinobot_description/share/arduinobot_description/meshes/link.STL
[0.327s] -- Up-to-date: /home/ashish/arduinobot_ws/install/arduinobot_description/share/arduinobot_description/meshes/claw_support.STL
[0.327s] -- Up-to-date: /home/ashish/arduinobot_ws/install/arduinobot_description/share/arduinobot_description/meshes/vertical_drive_arm.STL
[0.328s] -- Up-to-date: /home/ashish/arduinobot_ws/install/arduinobot_description/share/arduinobot_description/meshes/round_plate.STL
[0.328s] -- Up-to-date: /home/ashish/arduinobot_ws/install/arduinobot_description/share/arduinobot_description/models
[0.329s] -- Up-to-date: /home/ashish/arduinobot_ws/install/arduinobot_description/share/arduinobot_description/models/sun
[0.329s] -- Up-to-date: /home/ashish/arduinobot_ws/install/arduinobot_description/share/arduinobot_description/models/sun/model.sdf
[0.329s] -- Up-to-date: /home/ashish/arduinobot_ws/install/arduinobot_description/share/arduinobot_description/models/sun/model.config
[0.329s] -- Up-to-date: /home/ashish/arduinobot_ws/install/arduinobot_description/share/arduinobot_description/models/sun/model-1_4.sdf
[0.329s] -- Up-to-date: /home/ashish/arduinobot_ws/install/arduinobot_description/share/arduinobot_description/models/sun/model-1_2.sdf
[0.330s] -- Up-to-date: /home/ashish/arduinobot_ws/install/arduinobot_description/share/arduinobot_description/models/sun/model-1_3.sdf
[0.330s] -- Up-to-date: /home/ashish/arduinobot_ws/install/arduinobot_description/share/arduinobot_description/models/ground_plane
[0.331s] -- Up-to-date: /home/ashish/arduinobot_ws/install/arduinobot_description/share/arduinobot_description/models/ground_plane/model.sdf
[0.332s] -- Up-to-date: /home/ashish/arduinobot_ws/install/arduinobot_description/share/arduinobot_description/models/ground_plane/model.config
[0.333s] -- Up-to-date: /home/ashish/arduinobot_ws/install/arduinobot_description/share/arduinobot_description/models/ground_plane/model-1_4.sdf
[0.333s] -- Up-to-date: /home/ashish/arduinobot_ws/install/arduinobot_description/share/arduinobot_description/models/ground_plane/model-1_2.sdf
[0.333s] -- Up-to-date: /home/ashish/arduinobot_ws/install/arduinobot_description/share/arduinobot_description/models/ground_plane/model-1_3.sdf
[0.335s] -- Up-to-date: /home/ashish/arduinobot_ws/install/arduinobot_description/share/arduinobot_description/urdf
[0.336s] -- Up-to-date: /home/ashish/arduinobot_ws/install/arduinobot_description/share/arduinobot_description/urdf/arduinobot_ros2_control.xacro
[0.336s] -- Up-to-date: /home/ashish/arduinobot_ws/install/arduinobot_description/share/arduinobot_description/urdf/arduinobot_gazebo.xacro
[0.336s] -- Up-to-date: /home/ashish/arduinobot_ws/install/arduinobot_description/share/arduinobot_description/urdf/arduinobot.urdf.xacro
[0.341s] -- Up-to-date: /home/ashish/arduinobot_ws/install/arduinobot_description/share/ament_index/resource_index/package_run_dependencies/arduinobot_description
[0.341s] -- Up-to-date: /home/ashish/arduinobot_ws/install/arduinobot_description/share/ament_index/resource_index/parent_prefix_path/arduinobot_description
[0.342s] -- Up-to-date: /home/ashish/arduinobot_ws/install/arduinobot_description/share/arduinobot_description/environment/ament_prefix_path.sh
[0.342s] -- Up-to-date: /home/ashish/arduinobot_ws/install/arduinobot_description/share/arduinobot_description/environment/ament_prefix_path.dsv
[0.342s] -- Up-to-date: /home/ashish/arduinobot_ws/install/arduinobot_description/share/arduinobot_description/environment/path.sh
[0.343s] -- Up-to-date: /home/ashish/arduinobot_ws/install/arduinobot_description/share/arduinobot_description/environment/path.dsv
[0.343s] -- Up-to-date: /home/ashish/arduinobot_ws/install/arduinobot_description/share/arduinobot_description/local_setup.bash
[0.343s] -- Up-to-date: /home/ashish/arduinobot_ws/install/arduinobot_description/share/arduinobot_description/local_setup.sh
[0.350s] -- Up-to-date: /home/ashish/arduinobot_ws/install/arduinobot_description/share/arduinobot_description/local_setup.zsh
[0.350s] -- Up-to-date: /home/ashish/arduinobot_ws/install/arduinobot_description/share/arduinobot_description/local_setup.dsv
[0.357s] -- Installing: /home/ashish/arduinobot_ws/install/arduinobot_description/share/arduinobot_description/package.dsv
[0.360s] -- Up-to-date: /home/ashish/arduinobot_ws/install/arduinobot_description/share/ament_index/resource_index/packages/arduinobot_description
[0.360s] -- Up-to-date: /home/ashish/arduinobot_ws/install/arduinobot_description/share/arduinobot_description/cmake/arduinobot_descriptionConfig.cmake
[0.361s] -- Up-to-date: /home/ashish/arduinobot_ws/install/arduinobot_description/share/arduinobot_description/cmake/arduinobot_descriptionConfig-version.cmake
[0.362s] -- Up-to-date: /home/ashish/arduinobot_ws/install/arduinobot_description/share/arduinobot_description/package.xml
[0.364s] Invoked command in '/home/ashish/arduinobot_ws/build/arduinobot_description' returned '0': CMAKE_PREFIX_PATH=${CMAKE_PREFIX_PATH}:/opt/ros/humble /usr/bin/cmake --install /home/ashish/arduinobot_ws/build/arduinobot_description
