[0.724s] DEBUG:colcon:Command line arguments: ['/usr/bin/colcon', 'list', '-p', '--base-paths', '/home/ashish/arduinobot_ws']
[0.726s] DEBUG:colcon:Parsed command line arguments: Namespace(log_base=None, log_level=None, verb_name='list', build_base='build', ignore_user_meta=False, metas=['./colcon.meta'], base_paths=['/home/ashish/arduinobot_ws'], packages_ignore=None, packages_ignore_regex=None, paths=None, packages_up_to=None, packages_up_to_regex=None, packages_above=None, packages_above_and_dependencies=None, packages_above_depth=None, packages_select_by_dep=None, packages_skip_by_dep=None, packages_skip_up_to=None, packages_select_build_failed=False, packages_skip_build_finished=False, packages_select_test_failures=False, packages_skip_test_passed=False, packages_select=None, packages_skip=None, packages_select_regex=None, packages_skip_regex=None, packages_start=None, packages_end=None, allow_overriding=[], topological_order=False, names_only=False, paths_only=True, topological_graph=False, topological_graph_dot=False, topological_graph_density=False, topological_graph_legend=False, topological_graph_dot_cluster=False, topological_graph_dot_include_skipped=False, verb_parser=<colcon_defaults.argument_parser.defaults.DefaultArgumentsDecorator object at 0x75fb1a748f70>, verb_extension=<colcon_package_information.verb.list.ListVerb object at 0x75fb1a8bdcc0>, main=<bound method ListVerb.main of <colcon_package_information.verb.list.ListVerb object at 0x75fb1a8bdcc0>>)
[2.652s] Level 1:colcon.colcon_core.package_discovery:discover_packages(colcon_meta) check parameters
[2.656s] Level 1:colcon.colcon_core.package_discovery:discover_packages(recursive) check parameters
[2.656s] Level 1:colcon.colcon_core.package_discovery:discover_packages(ignore) check parameters
[2.656s] Level 1:colcon.colcon_core.package_discovery:discover_packages(path) check parameters
[2.656s] Level 1:colcon.colcon_core.package_discovery:discover_packages(recursive) discover
[2.656s] INFO:colcon.colcon_core.package_discovery:Crawling recursively for packages in '/home/ashish/arduinobot_ws'
[2.662s] Level 1:colcon.colcon_core.package_identification:_identify(/home/ashish/arduinobot_ws) by extensions ['ignore', 'ignore_ament_install']
[2.663s] Level 1:colcon.colcon_core.package_identification:_identify(/home/ashish/arduinobot_ws) by extension 'ignore'
[2.664s] Level 1:colcon.colcon_core.package_identification:_identify(/home/ashish/arduinobot_ws) by extension 'ignore_ament_install'
[2.664s] Level 1:colcon.colcon_core.package_identification:_identify(/home/ashish/arduinobot_ws) by extensions ['colcon_pkg']
[2.664s] Level 1:colcon.colcon_core.package_identification:_identify(/home/ashish/arduinobot_ws) by extension 'colcon_pkg'
[2.665s] Level 1:colcon.colcon_core.package_identification:_identify(/home/ashish/arduinobot_ws) by extensions ['colcon_meta']
[2.665s] Level 1:colcon.colcon_core.package_identification:_identify(/home/ashish/arduinobot_ws) by extension 'colcon_meta'
[2.665s] Level 1:colcon.colcon_core.package_identification:_identify(/home/ashish/arduinobot_ws) by extensions ['ros']
[2.669s] Level 1:colcon.colcon_core.package_identification:_identify(/home/ashish/arduinobot_ws) by extension 'ros'
[2.827s] Level 1:colcon.colcon_core.package_identification:_identify(/home/ashish/arduinobot_ws) by extensions ['cmake', 'python']
[2.828s] Level 1:colcon.colcon_core.package_identification:_identify(/home/ashish/arduinobot_ws) by extension 'cmake'
[2.828s] Level 1:colcon.colcon_core.package_identification:_identify(/home/ashish/arduinobot_ws) by extension 'python'
[2.828s] Level 1:colcon.colcon_core.package_identification:_identify(/home/ashish/arduinobot_ws) by extensions ['python_setup_py']
[2.831s] Level 1:colcon.colcon_core.package_identification:_identify(/home/ashish/arduinobot_ws) by extension 'python_setup_py'
[2.832s] Level 1:colcon.colcon_core.package_identification:_identify(/home/ashish/arduinobot_ws/build) by extensions ['ignore', 'ignore_ament_install']
[2.833s] Level 1:colcon.colcon_core.package_identification:_identify(/home/ashish/arduinobot_ws/build) by extension 'ignore'
[2.833s] Level 1:colcon.colcon_core.package_identification:_identify(/home/ashish/arduinobot_ws/build) ignored
[2.834s] Level 1:colcon.colcon_core.package_identification:_identify(/home/ashish/arduinobot_ws/install) by extensions ['ignore', 'ignore_ament_install']
[2.837s] Level 1:colcon.colcon_core.package_identification:_identify(/home/ashish/arduinobot_ws/install) by extension 'ignore'
[2.837s] Level 1:colcon.colcon_core.package_identification:_identify(/home/ashish/arduinobot_ws/install) ignored
[2.839s] Level 1:colcon.colcon_core.package_identification:_identify(/home/ashish/arduinobot_ws/log) by extensions ['ignore', 'ignore_ament_install']
[2.839s] Level 1:colcon.colcon_core.package_identification:_identify(/home/ashish/arduinobot_ws/log) by extension 'ignore'
[2.839s] Level 1:colcon.colcon_core.package_identification:_identify(/home/ashish/arduinobot_ws/log) ignored
[2.840s] Level 1:colcon.colcon_core.package_identification:_identify(/home/ashish/arduinobot_ws/src) by extensions ['ignore', 'ignore_ament_install']
[2.840s] Level 1:colcon.colcon_core.package_identification:_identify(/home/ashish/arduinobot_ws/src) by extension 'ignore'
[2.840s] Level 1:colcon.colcon_core.package_identification:_identify(/home/ashish/arduinobot_ws/src) by extension 'ignore_ament_install'
[2.840s] Level 1:colcon.colcon_core.package_identification:_identify(/home/ashish/arduinobot_ws/src) by extensions ['colcon_pkg']
[2.840s] Level 1:colcon.colcon_core.package_identification:_identify(/home/ashish/arduinobot_ws/src) by extension 'colcon_pkg'
[2.840s] Level 1:colcon.colcon_core.package_identification:_identify(/home/ashish/arduinobot_ws/src) by extensions ['colcon_meta']
[2.840s] Level 1:colcon.colcon_core.package_identification:_identify(/home/ashish/arduinobot_ws/src) by extension 'colcon_meta'
[2.840s] Level 1:colcon.colcon_core.package_identification:_identify(/home/ashish/arduinobot_ws/src) by extensions ['ros']
[2.840s] Level 1:colcon.colcon_core.package_identification:_identify(/home/ashish/arduinobot_ws/src) by extension 'ros'
[2.840s] Level 1:colcon.colcon_core.package_identification:_identify(/home/ashish/arduinobot_ws/src) by extensions ['cmake', 'python']
[2.840s] Level 1:colcon.colcon_core.package_identification:_identify(/home/ashish/arduinobot_ws/src) by extension 'cmake'
[2.840s] Level 1:colcon.colcon_core.package_identification:_identify(/home/ashish/arduinobot_ws/src) by extension 'python'
[2.840s] Level 1:colcon.colcon_core.package_identification:_identify(/home/ashish/arduinobot_ws/src) by extensions ['python_setup_py']
[2.840s] Level 1:colcon.colcon_core.package_identification:_identify(/home/ashish/arduinobot_ws/src) by extension 'python_setup_py'
[2.840s] Level 1:colcon.colcon_core.package_identification:_identify(/home/ashish/arduinobot_ws/src/arduinobot_controller) by extensions ['ignore', 'ignore_ament_install']
[2.842s] Level 1:colcon.colcon_core.package_identification:_identify(/home/ashish/arduinobot_ws/src/arduinobot_controller) by extension 'ignore'
[2.843s] Level 1:colcon.colcon_core.package_identification:_identify(/home/ashish/arduinobot_ws/src/arduinobot_controller) by extension 'ignore_ament_install'
[2.843s] Level 1:colcon.colcon_core.package_identification:_identify(/home/ashish/arduinobot_ws/src/arduinobot_controller) by extensions ['colcon_pkg']
[2.843s] Level 1:colcon.colcon_core.package_identification:_identify(/home/ashish/arduinobot_ws/src/arduinobot_controller) by extension 'colcon_pkg'
[2.843s] Level 1:colcon.colcon_core.package_identification:_identify(/home/ashish/arduinobot_ws/src/arduinobot_controller) by extensions ['colcon_meta']
[2.843s] Level 1:colcon.colcon_core.package_identification:_identify(/home/ashish/arduinobot_ws/src/arduinobot_controller) by extension 'colcon_meta'
[2.844s] Level 1:colcon.colcon_core.package_identification:_identify(/home/ashish/arduinobot_ws/src/arduinobot_controller) by extensions ['ros']
[2.845s] Level 1:colcon.colcon_core.package_identification:_identify(/home/ashish/arduinobot_ws/src/arduinobot_controller) by extension 'ros'
[2.856s] DEBUG:colcon.colcon_core.package_identification:Package '/home/ashish/arduinobot_ws/src/arduinobot_controller' with type 'ros.ament_cmake' and name 'arduinobot_controller'
[2.856s] Level 1:colcon.colcon_core.package_identification:_identify(/home/ashish/arduinobot_ws/src/arduinobot_description) by extensions ['ignore', 'ignore_ament_install']
[2.856s] Level 1:colcon.colcon_core.package_identification:_identify(/home/ashish/arduinobot_ws/src/arduinobot_description) by extension 'ignore'
[2.856s] Level 1:colcon.colcon_core.package_identification:_identify(/home/ashish/arduinobot_ws/src/arduinobot_description) by extension 'ignore_ament_install'
[2.856s] Level 1:colcon.colcon_core.package_identification:_identify(/home/ashish/arduinobot_ws/src/arduinobot_description) by extensions ['colcon_pkg']
[2.856s] Level 1:colcon.colcon_core.package_identification:_identify(/home/ashish/arduinobot_ws/src/arduinobot_description) by extension 'colcon_pkg'
[2.856s] Level 1:colcon.colcon_core.package_identification:_identify(/home/ashish/arduinobot_ws/src/arduinobot_description) by extensions ['colcon_meta']
[2.856s] Level 1:colcon.colcon_core.package_identification:_identify(/home/ashish/arduinobot_ws/src/arduinobot_description) by extension 'colcon_meta'
[2.858s] Level 1:colcon.colcon_core.package_identification:_identify(/home/ashish/arduinobot_ws/src/arduinobot_description) by extensions ['ros']
[2.858s] Level 1:colcon.colcon_core.package_identification:_identify(/home/ashish/arduinobot_ws/src/arduinobot_description) by extension 'ros'
[2.861s] DEBUG:colcon.colcon_core.package_identification:Package '/home/ashish/arduinobot_ws/src/arduinobot_description' with type 'ros.ament_cmake' and name 'arduinobot_description'
[2.861s] Level 1:colcon.colcon_core.package_discovery:discover_packages(recursive) using defaults
