[0.318s] DEBUG:colcon:Command line arguments: ['/usr/bin/colcon', 'build']
[0.318s] DEBUG:colcon:Parsed command line arguments: Namespace(log_base=None, log_level=None, verb_name='build', build_base='build', install_base='install', merge_install=False, symlink_install=False, test_result_base=None, continue_on_error=False, executor='parallel', parallel_workers=2, event_handlers=None, ignore_user_meta=False, metas=['./colcon.meta'], base_paths=['.'], packages_ignore=None, packages_ignore_regex=None, paths=None, packages_up_to=None, packages_up_to_regex=None, packages_above=None, packages_above_and_dependencies=None, packages_above_depth=None, packages_select_by_dep=None, packages_skip_by_dep=None, packages_skip_up_to=None, packages_select_build_failed=False, packages_skip_build_finished=False, packages_select_test_failures=False, packages_skip_test_passed=False, packages_select=None, packages_skip=None, packages_select_regex=None, packages_skip_regex=None, packages_start=None, packages_end=None, allow_overriding=[], cmake_args=None, cmake_target=None, cmake_target_skip_unavailable=False, cmake_clean_cache=False, cmake_clean_first=False, cmake_force_configure=False, ament_cmake_args=None, catkin_cmake_args=None, catkin_skip_building_tests=False, verb_parser=<colcon_defaults.argument_parser.defaults.DefaultArgumentsDecorator object at 0x702f1d417f40>, verb_extension=<colcon_core.verb.build.BuildVerb object at 0x702f1d55ca90>, main=<bound method BuildVerb.main of <colcon_core.verb.build.BuildVerb object at 0x702f1d55ca90>>)
[0.741s] Level 1:colcon.colcon_core.package_discovery:discover_packages(colcon_meta) check parameters
[0.741s] Level 1:colcon.colcon_core.package_discovery:discover_packages(recursive) check parameters
[0.741s] Level 1:colcon.colcon_core.package_discovery:discover_packages(ignore) check parameters
[0.741s] Level 1:colcon.colcon_core.package_discovery:discover_packages(path) check parameters
[0.741s] Level 1:colcon.colcon_core.package_discovery:discover_packages(colcon_meta) discover
[0.741s] Level 1:colcon.colcon_core.package_discovery:discover_packages(recursive) discover
[0.741s] INFO:colcon.colcon_core.package_discovery:Crawling recursively for packages in '/home/ashish/arduinobot_ws'
[0.742s] Level 1:colcon.colcon_core.package_identification:_identify(.) by extensions ['ignore', 'ignore_ament_install']
[0.742s] Level 1:colcon.colcon_core.package_identification:_identify(.) by extension 'ignore'
[0.742s] Level 1:colcon.colcon_core.package_identification:_identify(.) by extension 'ignore_ament_install'
[0.742s] Level 1:colcon.colcon_core.package_identification:_identify(.) by extensions ['colcon_pkg']
[0.742s] Level 1:colcon.colcon_core.package_identification:_identify(.) by extension 'colcon_pkg'
[0.742s] Level 1:colcon.colcon_core.package_identification:_identify(.) by extensions ['colcon_meta']
[0.742s] Level 1:colcon.colcon_core.package_identification:_identify(.) by extension 'colcon_meta'
[0.742s] Level 1:colcon.colcon_core.package_identification:_identify(.) by extensions ['ros']
[0.742s] Level 1:colcon.colcon_core.package_identification:_identify(.) by extension 'ros'
[0.758s] Level 1:colcon.colcon_core.package_identification:_identify(.) by extensions ['cmake', 'python']
[0.758s] Level 1:colcon.colcon_core.package_identification:_identify(.) by extension 'cmake'
[0.758s] Level 1:colcon.colcon_core.package_identification:_identify(.) by extension 'python'
[0.758s] Level 1:colcon.colcon_core.package_identification:_identify(.) by extensions ['python_setup_py']
[0.758s] Level 1:colcon.colcon_core.package_identification:_identify(.) by extension 'python_setup_py'
[0.758s] Level 1:colcon.colcon_core.package_identification:_identify(build) by extensions ['ignore', 'ignore_ament_install']
[0.758s] Level 1:colcon.colcon_core.package_identification:_identify(build) by extension 'ignore'
[0.758s] Level 1:colcon.colcon_core.package_identification:_identify(build) ignored
[0.758s] Level 1:colcon.colcon_core.package_identification:_identify(install) by extensions ['ignore', 'ignore_ament_install']
[0.758s] Level 1:colcon.colcon_core.package_identification:_identify(install) by extension 'ignore'
[0.758s] Level 1:colcon.colcon_core.package_identification:_identify(install) ignored
[0.759s] Level 1:colcon.colcon_core.package_identification:_identify(log) by extensions ['ignore', 'ignore_ament_install']
[0.759s] Level 1:colcon.colcon_core.package_identification:_identify(log) by extension 'ignore'
[0.759s] Level 1:colcon.colcon_core.package_identification:_identify(log) ignored
[0.759s] Level 1:colcon.colcon_core.package_identification:_identify(src) by extensions ['ignore', 'ignore_ament_install']
[0.759s] Level 1:colcon.colcon_core.package_identification:_identify(src) by extension 'ignore'
[0.759s] Level 1:colcon.colcon_core.package_identification:_identify(src) by extension 'ignore_ament_install'
[0.759s] Level 1:colcon.colcon_core.package_identification:_identify(src) by extensions ['colcon_pkg']
[0.759s] Level 1:colcon.colcon_core.package_identification:_identify(src) by extension 'colcon_pkg'
[0.759s] Level 1:colcon.colcon_core.package_identification:_identify(src) by extensions ['colcon_meta']
[0.759s] Level 1:colcon.colcon_core.package_identification:_identify(src) by extension 'colcon_meta'
[0.759s] Level 1:colcon.colcon_core.package_identification:_identify(src) by extensions ['ros']
[0.759s] Level 1:colcon.colcon_core.package_identification:_identify(src) by extension 'ros'
[0.759s] Level 1:colcon.colcon_core.package_identification:_identify(src) by extensions ['cmake', 'python']
[0.759s] Level 1:colcon.colcon_core.package_identification:_identify(src) by extension 'cmake'
[0.759s] Level 1:colcon.colcon_core.package_identification:_identify(src) by extension 'python'
[0.759s] Level 1:colcon.colcon_core.package_identification:_identify(src) by extensions ['python_setup_py']
[0.759s] Level 1:colcon.colcon_core.package_identification:_identify(src) by extension 'python_setup_py'
[0.759s] Level 1:colcon.colcon_core.package_identification:_identify(src/arduinobot_controller) by extensions ['ignore', 'ignore_ament_install']
[0.760s] Level 1:colcon.colcon_core.package_identification:_identify(src/arduinobot_controller) by extension 'ignore'
[0.760s] Level 1:colcon.colcon_core.package_identification:_identify(src/arduinobot_controller) by extension 'ignore_ament_install'
[0.760s] Level 1:colcon.colcon_core.package_identification:_identify(src/arduinobot_controller) by extensions ['colcon_pkg']
[0.760s] Level 1:colcon.colcon_core.package_identification:_identify(src/arduinobot_controller) by extension 'colcon_pkg'
[0.760s] Level 1:colcon.colcon_core.package_identification:_identify(src/arduinobot_controller) by extensions ['colcon_meta']
[0.760s] Level 1:colcon.colcon_core.package_identification:_identify(src/arduinobot_controller) by extension 'colcon_meta'
[0.760s] Level 1:colcon.colcon_core.package_identification:_identify(src/arduinobot_controller) by extensions ['ros']
[0.760s] Level 1:colcon.colcon_core.package_identification:_identify(src/arduinobot_controller) by extension 'ros'
[0.766s] DEBUG:colcon.colcon_core.package_identification:Package 'src/arduinobot_controller' with type 'ros.ament_cmake' and name 'arduinobot_controller'
[0.766s] Level 1:colcon.colcon_core.package_identification:_identify(src/arduinobot_description) by extensions ['ignore', 'ignore_ament_install']
[0.766s] Level 1:colcon.colcon_core.package_identification:_identify(src/arduinobot_description) by extension 'ignore'
[0.767s] Level 1:colcon.colcon_core.package_identification:_identify(src/arduinobot_description) by extension 'ignore_ament_install'
[0.767s] Level 1:colcon.colcon_core.package_identification:_identify(src/arduinobot_description) by extensions ['colcon_pkg']
[0.767s] Level 1:colcon.colcon_core.package_identification:_identify(src/arduinobot_description) by extension 'colcon_pkg'
[0.767s] Level 1:colcon.colcon_core.package_identification:_identify(src/arduinobot_description) by extensions ['colcon_meta']
[0.767s] Level 1:colcon.colcon_core.package_identification:_identify(src/arduinobot_description) by extension 'colcon_meta'
[0.767s] Level 1:colcon.colcon_core.package_identification:_identify(src/arduinobot_description) by extensions ['ros']
[0.767s] Level 1:colcon.colcon_core.package_identification:_identify(src/arduinobot_description) by extension 'ros'
[0.768s] DEBUG:colcon.colcon_core.package_identification:Package 'src/arduinobot_description' with type 'ros.ament_cmake' and name 'arduinobot_description'
[0.768s] Level 1:colcon.colcon_core.package_discovery:discover_packages(recursive) using defaults
[0.769s] Level 1:colcon.colcon_core.package_discovery:discover_packages(ignore) discover
[0.769s] Level 1:colcon.colcon_core.package_discovery:discover_packages(ignore) using defaults
[0.769s] Level 1:colcon.colcon_core.package_discovery:discover_packages(path) discover
[0.769s] Level 1:colcon.colcon_core.package_discovery:discover_packages(path) using defaults
[0.827s] Level 1:colcon.colcon_core.package_discovery:discover_packages(prefix_path) check parameters
[0.827s] Level 1:colcon.colcon_core.package_discovery:discover_packages(prefix_path) discover
[0.835s] DEBUG:colcon.colcon_installed_package_information.package_discovery:Found 2 installed packages in /home/ashish/arduinobot_ws/install
[0.839s] DEBUG:colcon.colcon_installed_package_information.package_discovery:Found 321 installed packages in /opt/ros/humble
[0.840s] Level 1:colcon.colcon_core.package_discovery:discover_packages(prefix_path) using defaults
[0.964s] Level 5:colcon.colcon_core.verb:set package 'arduinobot_controller' build argument 'cmake_args' from command line to 'None'
[0.965s] Level 5:colcon.colcon_core.verb:set package 'arduinobot_controller' build argument 'cmake_target' from command line to 'None'
[0.965s] Level 5:colcon.colcon_core.verb:set package 'arduinobot_controller' build argument 'cmake_target_skip_unavailable' from command line to 'False'
[0.965s] Level 5:colcon.colcon_core.verb:set package 'arduinobot_controller' build argument 'cmake_clean_cache' from command line to 'False'
[0.965s] Level 5:colcon.colcon_core.verb:set package 'arduinobot_controller' build argument 'cmake_clean_first' from command line to 'False'
[0.965s] Level 5:colcon.colcon_core.verb:set package 'arduinobot_controller' build argument 'cmake_force_configure' from command line to 'False'
[0.965s] Level 5:colcon.colcon_core.verb:set package 'arduinobot_controller' build argument 'ament_cmake_args' from command line to 'None'
[0.965s] Level 5:colcon.colcon_core.verb:set package 'arduinobot_controller' build argument 'catkin_cmake_args' from command line to 'None'
[0.965s] Level 5:colcon.colcon_core.verb:set package 'arduinobot_controller' build argument 'catkin_skip_building_tests' from command line to 'False'
[0.965s] DEBUG:colcon.colcon_core.verb:Building package 'arduinobot_controller' with the following arguments: {'ament_cmake_args': None, 'build_base': '/home/ashish/arduinobot_ws/build/arduinobot_controller', 'catkin_cmake_args': None, 'catkin_skip_building_tests': False, 'cmake_args': None, 'cmake_clean_cache': False, 'cmake_clean_first': False, 'cmake_force_configure': False, 'cmake_target': None, 'cmake_target_skip_unavailable': False, 'install_base': '/home/ashish/arduinobot_ws/install/arduinobot_controller', 'merge_install': False, 'path': '/home/ashish/arduinobot_ws/src/arduinobot_controller', 'symlink_install': False, 'test_result_base': None}
[0.966s] Level 5:colcon.colcon_core.verb:set package 'arduinobot_description' build argument 'cmake_args' from command line to 'None'
[0.966s] Level 5:colcon.colcon_core.verb:set package 'arduinobot_description' build argument 'cmake_target' from command line to 'None'
[0.966s] Level 5:colcon.colcon_core.verb:set package 'arduinobot_description' build argument 'cmake_target_skip_unavailable' from command line to 'False'
[0.966s] Level 5:colcon.colcon_core.verb:set package 'arduinobot_description' build argument 'cmake_clean_cache' from command line to 'False'
[0.967s] Level 5:colcon.colcon_core.verb:set package 'arduinobot_description' build argument 'cmake_clean_first' from command line to 'False'
[0.967s] Level 5:colcon.colcon_core.verb:set package 'arduinobot_description' build argument 'cmake_force_configure' from command line to 'False'
[0.967s] Level 5:colcon.colcon_core.verb:set package 'arduinobot_description' build argument 'ament_cmake_args' from command line to 'None'
[0.967s] Level 5:colcon.colcon_core.verb:set package 'arduinobot_description' build argument 'catkin_cmake_args' from command line to 'None'
[0.967s] Level 5:colcon.colcon_core.verb:set package 'arduinobot_description' build argument 'catkin_skip_building_tests' from command line to 'False'
[0.967s] DEBUG:colcon.colcon_core.verb:Building package 'arduinobot_description' with the following arguments: {'ament_cmake_args': None, 'build_base': '/home/ashish/arduinobot_ws/build/arduinobot_description', 'catkin_cmake_args': None, 'catkin_skip_building_tests': False, 'cmake_args': None, 'cmake_clean_cache': False, 'cmake_clean_first': False, 'cmake_force_configure': False, 'cmake_target': None, 'cmake_target_skip_unavailable': False, 'install_base': '/home/ashish/arduinobot_ws/install/arduinobot_description', 'merge_install': False, 'path': '/home/ashish/arduinobot_ws/src/arduinobot_description', 'symlink_install': False, 'test_result_base': None}
[0.967s] INFO:colcon.colcon_core.executor:Executing jobs using 'parallel' executor
[0.970s] DEBUG:colcon.colcon_parallel_executor.executor.parallel:run_until_complete
[0.970s] INFO:colcon.colcon_ros.task.ament_cmake.build:Building ROS package in '/home/ashish/arduinobot_ws/src/arduinobot_controller' with build type 'ament_cmake'
[0.971s] INFO:colcon.colcon_cmake.task.cmake.build:Building CMake package in '/home/ashish/arduinobot_ws/src/arduinobot_controller'
[0.982s] INFO:colcon.colcon_core.plugin_system:Skipping extension 'colcon_core.shell.bat': Not used on non-Windows systems
[0.982s] INFO:colcon.colcon_core.shell:Skip shell extension 'powershell' for command environment: Not usable outside of PowerShell
[0.982s] DEBUG:colcon.colcon_core.shell:Skip shell extension 'dsv' for command environment
[0.997s] INFO:colcon.colcon_ros.task.ament_cmake.build:Building ROS package in '/home/ashish/arduinobot_ws/src/arduinobot_description' with build type 'ament_cmake'
[0.997s] INFO:colcon.colcon_cmake.task.cmake.build:Building CMake package in '/home/ashish/arduinobot_ws/src/arduinobot_description'
[0.997s] INFO:colcon.colcon_core.shell:Skip shell extension 'powershell' for command environment: Not usable outside of PowerShell
[0.997s] DEBUG:colcon.colcon_core.shell:Skip shell extension 'dsv' for command environment
[1.020s] DEBUG:colcon.colcon_core.event_handler.log_command:Invoking command in '/home/ashish/arduinobot_ws/build/arduinobot_controller': CMAKE_PREFIX_PATH=${CMAKE_PREFIX_PATH}:/opt/ros/humble /usr/bin/cmake --build /home/ashish/arduinobot_ws/build/arduinobot_controller -- -j2 -l2
[1.041s] DEBUG:colcon.colcon_core.event_handler.log_command:Invoking command in '/home/ashish/arduinobot_ws/build/arduinobot_description': CMAKE_PREFIX_PATH=${CMAKE_PREFIX_PATH}:/opt/ros/humble /usr/bin/cmake --build /home/ashish/arduinobot_ws/build/arduinobot_description -- -j2 -l2
[1.168s] DEBUG:colcon.colcon_core.event_handler.log_command:Invoked command in '/home/ashish/arduinobot_ws/build/arduinobot_description' returned '0': CMAKE_PREFIX_PATH=${CMAKE_PREFIX_PATH}:/opt/ros/humble /usr/bin/cmake --build /home/ashish/arduinobot_ws/build/arduinobot_description -- -j2 -l2
[1.278s] DEBUG:colcon.colcon_core.event_handler.log_command:Invoking command in '/home/ashish/arduinobot_ws/build/arduinobot_description': CMAKE_PREFIX_PATH=${CMAKE_PREFIX_PATH}:/opt/ros/humble /usr/bin/cmake --install /home/ashish/arduinobot_ws/build/arduinobot_description
[1.340s] Level 1:colcon.colcon_core.environment:create_environment_scripts_only(arduinobot_description)
[1.347s] DEBUG:colcon.colcon_core.event_handler.log_command:Invoked command in '/home/ashish/arduinobot_ws/build/arduinobot_description' returned '0': CMAKE_PREFIX_PATH=${CMAKE_PREFIX_PATH}:/opt/ros/humble /usr/bin/cmake --install /home/ashish/arduinobot_ws/build/arduinobot_description
[1.357s] Level 1:colcon.colcon_core.environment:checking '/home/ashish/arduinobot_ws/install/arduinobot_description' for CMake module files
[1.358s] Level 1:colcon.colcon_core.environment:checking '/home/ashish/arduinobot_ws/install/arduinobot_description' for CMake config files
[1.359s] Level 1:colcon.colcon_core.shell:create_environment_hook('arduinobot_description', 'cmake_prefix_path')
[1.360s] INFO:colcon.colcon_core.shell:Creating environment hook '/home/ashish/arduinobot_ws/install/arduinobot_description/share/arduinobot_description/hook/cmake_prefix_path.ps1'
[1.364s] INFO:colcon.colcon_core.shell:Creating environment descriptor '/home/ashish/arduinobot_ws/install/arduinobot_description/share/arduinobot_description/hook/cmake_prefix_path.dsv'
[1.366s] INFO:colcon.colcon_core.shell:Creating environment hook '/home/ashish/arduinobot_ws/install/arduinobot_description/share/arduinobot_description/hook/cmake_prefix_path.sh'
[1.369s] Level 1:colcon.colcon_core.environment:checking '/home/ashish/arduinobot_ws/install/arduinobot_description/bin'
[1.370s] Level 1:colcon.colcon_core.environment:checking '/home/ashish/arduinobot_ws/install/arduinobot_description/lib/pkgconfig/arduinobot_description.pc'
[1.370s] Level 1:colcon.colcon_core.environment:checking '/home/ashish/arduinobot_ws/install/arduinobot_description/lib/python3.10/site-packages'
[1.371s] Level 1:colcon.colcon_core.environment:checking '/home/ashish/arduinobot_ws/install/arduinobot_description/bin'
[1.372s] INFO:colcon.colcon_core.shell:Creating package script '/home/ashish/arduinobot_ws/install/arduinobot_description/share/arduinobot_description/package.ps1'
[1.376s] INFO:colcon.colcon_core.shell:Creating package descriptor '/home/ashish/arduinobot_ws/install/arduinobot_description/share/arduinobot_description/package.dsv'
[1.383s] INFO:colcon.colcon_core.shell:Creating package script '/home/ashish/arduinobot_ws/install/arduinobot_description/share/arduinobot_description/package.sh'
[1.395s] INFO:colcon.colcon_core.shell:Creating package script '/home/ashish/arduinobot_ws/install/arduinobot_description/share/arduinobot_description/package.bash'
[1.399s] INFO:colcon.colcon_core.shell:Creating package script '/home/ashish/arduinobot_ws/install/arduinobot_description/share/arduinobot_description/package.zsh'
[1.403s] Level 1:colcon.colcon_core.environment:create_file_with_runtime_dependencies(/home/ashish/arduinobot_ws/install/arduinobot_description/share/colcon-core/packages/arduinobot_description)
[1.459s] Level 1:colcon.colcon_core.environment:create_environment_scripts_only(arduinobot_description)
[1.459s] Level 1:colcon.colcon_core.environment:checking '/home/ashish/arduinobot_ws/install/arduinobot_description' for CMake module files
[1.460s] Level 1:colcon.colcon_core.environment:checking '/home/ashish/arduinobot_ws/install/arduinobot_description' for CMake config files
[1.460s] Level 1:colcon.colcon_core.shell:create_environment_hook('arduinobot_description', 'cmake_prefix_path')
[1.460s] INFO:colcon.colcon_core.shell:Creating environment hook '/home/ashish/arduinobot_ws/install/arduinobot_description/share/arduinobot_description/hook/cmake_prefix_path.ps1'
[1.461s] INFO:colcon.colcon_core.shell:Creating environment descriptor '/home/ashish/arduinobot_ws/install/arduinobot_description/share/arduinobot_description/hook/cmake_prefix_path.dsv'
[1.463s] INFO:colcon.colcon_core.shell:Creating environment hook '/home/ashish/arduinobot_ws/install/arduinobot_description/share/arduinobot_description/hook/cmake_prefix_path.sh'
[1.464s] Level 1:colcon.colcon_core.environment:checking '/home/ashish/arduinobot_ws/install/arduinobot_description/bin'
[1.465s] Level 1:colcon.colcon_core.environment:checking '/home/ashish/arduinobot_ws/install/arduinobot_description/lib/pkgconfig/arduinobot_description.pc'
[1.466s] Level 1:colcon.colcon_core.environment:checking '/home/ashish/arduinobot_ws/install/arduinobot_description/lib/python3.10/site-packages'
[1.467s] Level 1:colcon.colcon_core.environment:checking '/home/ashish/arduinobot_ws/install/arduinobot_description/bin'
[1.467s] INFO:colcon.colcon_core.shell:Creating package script '/home/ashish/arduinobot_ws/install/arduinobot_description/share/arduinobot_description/package.ps1'
[1.468s] INFO:colcon.colcon_core.shell:Creating package descriptor '/home/ashish/arduinobot_ws/install/arduinobot_description/share/arduinobot_description/package.dsv'
[1.469s] INFO:colcon.colcon_core.shell:Creating package script '/home/ashish/arduinobot_ws/install/arduinobot_description/share/arduinobot_description/package.sh'
[1.469s] INFO:colcon.colcon_core.shell:Creating package script '/home/ashish/arduinobot_ws/install/arduinobot_description/share/arduinobot_description/package.bash'
[1.470s] INFO:colcon.colcon_core.shell:Creating package script '/home/ashish/arduinobot_ws/install/arduinobot_description/share/arduinobot_description/package.zsh'
[1.471s] Level 1:colcon.colcon_core.environment:create_file_with_runtime_dependencies(/home/ashish/arduinobot_ws/install/arduinobot_description/share/colcon-core/packages/arduinobot_description)
[1.752s] DEBUG:colcon.colcon_core.event_handler.log_command:Invoked command in '/home/ashish/arduinobot_ws/build/arduinobot_controller' returned '0': CMAKE_PREFIX_PATH=${CMAKE_PREFIX_PATH}:/opt/ros/humble /usr/bin/cmake --build /home/ashish/arduinobot_ws/build/arduinobot_controller -- -j2 -l2
[1.781s] DEBUG:colcon.colcon_core.event_handler.log_command:Invoking command in '/home/ashish/arduinobot_ws/build/arduinobot_controller': CMAKE_PREFIX_PATH=${CMAKE_PREFIX_PATH}:/opt/ros/humble /usr/bin/cmake --install /home/ashish/arduinobot_ws/build/arduinobot_controller
[1.816s] Level 1:colcon.colcon_core.environment:create_environment_scripts_only(arduinobot_controller)
[1.817s] Level 1:colcon.colcon_core.environment:checking '/home/ashish/arduinobot_ws/install/arduinobot_controller' for CMake module files
[1.819s] DEBUG:colcon.colcon_core.event_handler.log_command:Invoked command in '/home/ashish/arduinobot_ws/build/arduinobot_controller' returned '0': CMAKE_PREFIX_PATH=${CMAKE_PREFIX_PATH}:/opt/ros/humble /usr/bin/cmake --install /home/ashish/arduinobot_ws/build/arduinobot_controller
[1.821s] Level 1:colcon.colcon_core.environment:checking '/home/ashish/arduinobot_ws/install/arduinobot_controller' for CMake config files
[1.823s] Level 1:colcon.colcon_core.shell:create_environment_hook('arduinobot_controller', 'cmake_prefix_path')
[1.824s] INFO:colcon.colcon_core.shell:Creating environment hook '/home/ashish/arduinobot_ws/install/arduinobot_controller/share/arduinobot_controller/hook/cmake_prefix_path.ps1'
[1.825s] INFO:colcon.colcon_core.shell:Creating environment descriptor '/home/ashish/arduinobot_ws/install/arduinobot_controller/share/arduinobot_controller/hook/cmake_prefix_path.dsv'
[1.826s] INFO:colcon.colcon_core.shell:Creating environment hook '/home/ashish/arduinobot_ws/install/arduinobot_controller/share/arduinobot_controller/hook/cmake_prefix_path.sh'
[1.827s] Level 1:colcon.colcon_core.environment:checking '/home/ashish/arduinobot_ws/install/arduinobot_controller/bin'
[1.827s] Level 1:colcon.colcon_core.environment:checking '/home/ashish/arduinobot_ws/install/arduinobot_controller/lib/pkgconfig/arduinobot_controller.pc'
[1.827s] Level 1:colcon.colcon_core.environment:checking '/home/ashish/arduinobot_ws/install/arduinobot_controller/lib/python3.10/site-packages'
[1.827s] Level 1:colcon.colcon_core.environment:checking '/home/ashish/arduinobot_ws/install/arduinobot_controller/bin'
[1.828s] INFO:colcon.colcon_core.shell:Creating package script '/home/ashish/arduinobot_ws/install/arduinobot_controller/share/arduinobot_controller/package.ps1'
[1.828s] INFO:colcon.colcon_core.shell:Creating package descriptor '/home/ashish/arduinobot_ws/install/arduinobot_controller/share/arduinobot_controller/package.dsv'
[1.829s] INFO:colcon.colcon_core.shell:Creating package script '/home/ashish/arduinobot_ws/install/arduinobot_controller/share/arduinobot_controller/package.sh'
[1.830s] INFO:colcon.colcon_core.shell:Creating package script '/home/ashish/arduinobot_ws/install/arduinobot_controller/share/arduinobot_controller/package.bash'
[1.830s] INFO:colcon.colcon_core.shell:Creating package script '/home/ashish/arduinobot_ws/install/arduinobot_controller/share/arduinobot_controller/package.zsh'
[1.831s] Level 1:colcon.colcon_core.environment:create_file_with_runtime_dependencies(/home/ashish/arduinobot_ws/install/arduinobot_controller/share/colcon-core/packages/arduinobot_controller)
[1.884s] Level 1:colcon.colcon_core.environment:create_environment_scripts_only(arduinobot_controller)
[1.884s] Level 1:colcon.colcon_core.environment:checking '/home/ashish/arduinobot_ws/install/arduinobot_controller' for CMake module files
[1.885s] Level 1:colcon.colcon_core.environment:checking '/home/ashish/arduinobot_ws/install/arduinobot_controller' for CMake config files
[1.886s] Level 1:colcon.colcon_core.shell:create_environment_hook('arduinobot_controller', 'cmake_prefix_path')
[1.887s] INFO:colcon.colcon_core.shell:Creating environment hook '/home/ashish/arduinobot_ws/install/arduinobot_controller/share/arduinobot_controller/hook/cmake_prefix_path.ps1'
[1.888s] INFO:colcon.colcon_core.shell:Creating environment descriptor '/home/ashish/arduinobot_ws/install/arduinobot_controller/share/arduinobot_controller/hook/cmake_prefix_path.dsv'
[1.889s] INFO:colcon.colcon_core.shell:Creating environment hook '/home/ashish/arduinobot_ws/install/arduinobot_controller/share/arduinobot_controller/hook/cmake_prefix_path.sh'
[1.891s] Level 1:colcon.colcon_core.environment:checking '/home/ashish/arduinobot_ws/install/arduinobot_controller/bin'
[1.891s] Level 1:colcon.colcon_core.environment:checking '/home/ashish/arduinobot_ws/install/arduinobot_controller/lib/pkgconfig/arduinobot_controller.pc'
[1.891s] Level 1:colcon.colcon_core.environment:checking '/home/ashish/arduinobot_ws/install/arduinobot_controller/lib/python3.10/site-packages'
[1.892s] Level 1:colcon.colcon_core.environment:checking '/home/ashish/arduinobot_ws/install/arduinobot_controller/bin'
[1.892s] INFO:colcon.colcon_core.shell:Creating package script '/home/ashish/arduinobot_ws/install/arduinobot_controller/share/arduinobot_controller/package.ps1'
[1.894s] INFO:colcon.colcon_core.shell:Creating package descriptor '/home/ashish/arduinobot_ws/install/arduinobot_controller/share/arduinobot_controller/package.dsv'
[1.895s] INFO:colcon.colcon_core.shell:Creating package script '/home/ashish/arduinobot_ws/install/arduinobot_controller/share/arduinobot_controller/package.sh'
[1.896s] INFO:colcon.colcon_core.shell:Creating package script '/home/ashish/arduinobot_ws/install/arduinobot_controller/share/arduinobot_controller/package.bash'
[1.897s] INFO:colcon.colcon_core.shell:Creating package script '/home/ashish/arduinobot_ws/install/arduinobot_controller/share/arduinobot_controller/package.zsh'
[1.899s] Level 1:colcon.colcon_core.environment:create_file_with_runtime_dependencies(/home/ashish/arduinobot_ws/install/arduinobot_controller/share/colcon-core/packages/arduinobot_controller)
[1.900s] DEBUG:colcon.colcon_parallel_executor.executor.parallel:closing loop
[1.901s] DEBUG:colcon.colcon_parallel_executor.executor.parallel:loop closed
[1.902s] DEBUG:colcon.colcon_parallel_executor.executor.parallel:run_until_complete finished with '0'
[1.902s] DEBUG:colcon.colcon_core.event_reactor:joining thread
[1.932s] INFO:colcon.colcon_core.plugin_system:Skipping extension 'colcon_notification.desktop_notification.terminal_notifier': Not used on non-Darwin systems
[1.932s] INFO:colcon.colcon_core.plugin_system:Skipping extension 'colcon_notification.desktop_notification.win32': Not used on non-Windows systems
[1.932s] INFO:colcon.colcon_notification.desktop_notification:Sending desktop notification using 'notify2'
[1.989s] DEBUG:colcon.colcon_core.event_reactor:joined thread
[1.989s] INFO:colcon.colcon_core.shell:Creating prefix script '/home/ashish/arduinobot_ws/install/local_setup.ps1'
[1.993s] INFO:colcon.colcon_core.shell:Creating prefix util module '/home/ashish/arduinobot_ws/install/_local_setup_util_ps1.py'
[1.997s] INFO:colcon.colcon_core.shell:Creating prefix chain script '/home/ashish/arduinobot_ws/install/setup.ps1'
[2.003s] INFO:colcon.colcon_core.shell:Creating prefix script '/home/ashish/arduinobot_ws/install/local_setup.sh'
[2.007s] INFO:colcon.colcon_core.shell:Creating prefix util module '/home/ashish/arduinobot_ws/install/_local_setup_util_sh.py'
[2.009s] INFO:colcon.colcon_core.shell:Creating prefix chain script '/home/ashish/arduinobot_ws/install/setup.sh'
[2.014s] INFO:colcon.colcon_core.shell:Creating prefix script '/home/ashish/arduinobot_ws/install/local_setup.bash'
[2.017s] INFO:colcon.colcon_core.shell:Creating prefix chain script '/home/ashish/arduinobot_ws/install/setup.bash'
[2.021s] INFO:colcon.colcon_core.shell:Creating prefix script '/home/ashish/arduinobot_ws/install/local_setup.zsh'
[2.024s] INFO:colcon.colcon_core.shell:Creating prefix chain script '/home/ashish/arduinobot_ws/install/setup.zsh'
