[0.093s] Invoking command in '/home/ashish/arduinobot_ws/build/arduinobot_controller': CMAKE_PREFIX_PATH=${CMAKE_PREFIX_PATH}:/opt/ros/humble /usr/bin/cmake --build /home/ashish/arduinobot_ws/build/arduinobot_controller -- -j2 -l2
[0.277s] Invoked command in '/home/ashish/arduinobot_ws/build/arduinobot_controller' returned '0': CMAKE_PREFIX_PATH=${CMAKE_PREFIX_PATH}:/opt/ros/humble /usr/bin/cmake --build /home/ashish/arduinobot_ws/build/arduinobot_controller -- -j2 -l2
[0.352s] Invoking command in '/home/ashish/arduinobot_ws/build/arduinobot_controller': CMAKE_PREFIX_PATH=${CMAKE_PREFIX_PATH}:/opt/ros/humble /usr/bin/cmake --install /home/ashish/arduinobot_ws/build/arduinobot_controller
[0.375s] -- Install configuration: ""
[0.378s] -- Up-to-date: /home/ashish/arduinobot_ws/install/arduinobot_controller/share/arduinobot_controller/config
[0.380s] -- Installing: /home/ashish/arduinobot_ws/install/arduinobot_controller/share/arduinobot_controller/config/arduinobot_controllers.yaml
[0.389s] -- Up-to-date: /home/ashish/arduinobot_ws/install/arduinobot_controller/share/arduinobot_controller/launch
[0.391s] -- Installing: /home/ashish/arduinobot_ws/install/arduinobot_controller/share/arduinobot_controller/launch/controller.launch.py
[0.393s] -- Up-to-date: /home/ashish/arduinobot_ws/install/arduinobot_controller/share/ament_index/resource_index/package_run_dependencies/arduinobot_controller
[0.399s] -- Up-to-date: /home/ashish/arduinobot_ws/install/arduinobot_controller/share/ament_index/resource_index/parent_prefix_path/arduinobot_controller
[0.403s] -- Up-to-date: /home/ashish/arduinobot_ws/install/arduinobot_controller/share/arduinobot_controller/environment/ament_prefix_path.sh
[0.404s] -- Up-to-date: /home/ashish/arduinobot_ws/install/arduinobot_controller/share/arduinobot_controller/environment/ament_prefix_path.dsv
[0.405s] -- Up-to-date: /home/ashish/arduinobot_ws/install/arduinobot_controller/share/arduinobot_controller/environment/path.sh
[0.406s] -- Up-to-date: /home/ashish/arduinobot_ws/install/arduinobot_controller/share/arduinobot_controller/environment/path.dsv
[0.409s] -- Up-to-date: /home/ashish/arduinobot_ws/install/arduinobot_controller/share/arduinobot_controller/local_setup.bash
[0.409s] -- Up-to-date: /home/ashish/arduinobot_ws/install/arduinobot_controller/share/arduinobot_controller/local_setup.sh
[0.410s] -- Up-to-date: /home/ashish/arduinobot_ws/install/arduinobot_controller/share/arduinobot_controller/local_setup.zsh
[0.412s] -- Up-to-date: /home/ashish/arduinobot_ws/install/arduinobot_controller/share/arduinobot_controller/local_setup.dsv
[0.413s] -- Installing: /home/ashish/arduinobot_ws/install/arduinobot_controller/share/arduinobot_controller/package.dsv
[0.413s] -- Up-to-date: /home/ashish/arduinobot_ws/install/arduinobot_controller/share/ament_index/resource_index/packages/arduinobot_controller
[0.414s] -- Up-to-date: /home/ashish/arduinobot_ws/install/arduinobot_controller/share/arduinobot_controller/cmake/arduinobot_controllerConfig.cmake
[0.414s] -- Up-to-date: /home/ashish/arduinobot_ws/install/arduinobot_controller/share/arduinobot_controller/cmake/arduinobot_controllerConfig-version.cmake
[0.414s] -- Up-to-date: /home/ashish/arduinobot_ws/install/arduinobot_controller/share/arduinobot_controller/package.xml
[0.422s] Invoked command in '/home/ashish/arduinobot_ws/build/arduinobot_controller' returned '0': CMAKE_PREFIX_PATH=${CMAKE_PREFIX_PATH}:/opt/ros/humble /usr/bin/cmake --install /home/ashish/arduinobot_ws/build/arduinobot_controller
