[0.056s] Invoking command in '/home/ashish/arduinobot_ws/build/arduinobot_controller': CMAKE_PREFIX_PATH=/opt/ros/humble /usr/bin/cmake /home/ashish/arduinobot_ws/src/arduinobot_controller -DCMAKE_INSTALL_PREFIX=/home/ashish/arduinobot_ws/install/arduinobot_controller
[0.311s] -- The C compiler identification is GNU 11.4.0
[0.479s] -- The CXX compiler identification is GNU 11.4.0
[0.499s] -- Detecting C compiler ABI info
[0.683s] -- Detecting C compiler ABI info - done
[0.726s] -- Check for working C compiler: /usr/bin/cc - skipped
[0.737s] -- Detecting C compile features
[0.740s] -- Detecting C compile features - done
[0.754s] -- Detecting CXX compiler ABI info
[0.905s] -- Detecting CXX compiler ABI info - done
[0.921s] -- Check for working CXX compiler: /usr/bin/c++ - skipped
[0.922s] -- Detecting CXX compile features
[0.923s] -- Detecting CXX compile features - done
[0.933s] -- Found ament_cmake: 1.3.10 (/opt/ros/humble/share/ament_cmake/cmake)
[1.320s] -- Found Python3: /usr/bin/python3 (found version "3.10.12") found components: Interpreter 
[1.687s] -- Configuring done
[1.692s] -- Generating done
[1.694s] -- Build files have been written to: /home/ashish/arduinobot_ws/build/arduinobot_controller
[1.701s] Invoked command in '/home/ashish/arduinobot_ws/build/arduinobot_controller' returned '0': CMAKE_PREFIX_PATH=/opt/ros/humble /usr/bin/cmake /home/ashish/arduinobot_ws/src/arduinobot_controller -DCMAKE_INSTALL_PREFIX=/home/ashish/arduinobot_ws/install/arduinobot_controller
[1.704s] Invoking command in '/home/ashish/arduinobot_ws/build/arduinobot_controller': CMAKE_PREFIX_PATH=/opt/ros/humble /usr/bin/cmake --build /home/ashish/arduinobot_ws/build/arduinobot_controller -- -j2 -l2
[1.817s] Invoked command in '/home/ashish/arduinobot_ws/build/arduinobot_controller' returned '0': CMAKE_PREFIX_PATH=/opt/ros/humble /usr/bin/cmake --build /home/ashish/arduinobot_ws/build/arduinobot_controller -- -j2 -l2
[1.901s] Invoking command in '/home/ashish/arduinobot_ws/build/arduinobot_controller': CMAKE_PREFIX_PATH=/opt/ros/humble /usr/bin/cmake --install /home/ashish/arduinobot_ws/build/arduinobot_controller
[1.926s] -- Install configuration: ""
[1.926s] -- Installing: /home/ashish/arduinobot_ws/install/arduinobot_controller/share/arduinobot_controller/config
[1.928s] -- Installing: /home/ashish/arduinobot_ws/install/arduinobot_controller/share/arduinobot_controller/config/arduinobot_controllers.yaml
[1.943s] -- Installing: /home/ashish/arduinobot_ws/install/arduinobot_controller/share/ament_index/resource_index/package_run_dependencies/arduinobot_controller
[1.943s] -- Installing: /home/ashish/arduinobot_ws/install/arduinobot_controller/share/ament_index/resource_index/parent_prefix_path/arduinobot_controller
[1.944s] -- Installing: /home/ashish/arduinobot_ws/install/arduinobot_controller/share/arduinobot_controller/environment/ament_prefix_path.sh
[1.944s] -- Installing: /home/ashish/arduinobot_ws/install/arduinobot_controller/share/arduinobot_controller/environment/ament_prefix_path.dsv
[1.944s] -- Installing: /home/ashish/arduinobot_ws/install/arduinobot_controller/share/arduinobot_controller/environment/path.sh
[1.944s] -- Installing: /home/ashish/arduinobot_ws/install/arduinobot_controller/share/arduinobot_controller/environment/path.dsv
[1.944s] -- Installing: /home/ashish/arduinobot_ws/install/arduinobot_controller/share/arduinobot_controller/local_setup.bash
[1.945s] -- Installing: /home/ashish/arduinobot_ws/install/arduinobot_controller/share/arduinobot_controller/local_setup.sh
[1.946s] -- Installing: /home/ashish/arduinobot_ws/install/arduinobot_controller/share/arduinobot_controller/local_setup.zsh
[1.946s] -- Installing: /home/ashish/arduinobot_ws/install/arduinobot_controller/share/arduinobot_controller/local_setup.dsv
[1.946s] -- Installing: /home/ashish/arduinobot_ws/install/arduinobot_controller/share/arduinobot_controller/package.dsv
[1.946s] -- Installing: /home/ashish/arduinobot_ws/install/arduinobot_controller/share/ament_index/resource_index/packages/arduinobot_controller
[1.948s] -- Installing: /home/ashish/arduinobot_ws/install/arduinobot_controller/share/arduinobot_controller/cmake/arduinobot_controllerConfig.cmake
[1.948s] -- Installing: /home/ashish/arduinobot_ws/install/arduinobot_controller/share/arduinobot_controller/cmake/arduinobot_controllerConfig-version.cmake
[1.951s] -- Installing: /home/ashish/arduinobot_ws/install/arduinobot_controller/share/arduinobot_controller/package.xml
[1.960s] Invoked command in '/home/ashish/arduinobot_ws/build/arduinobot_controller' returned '0': CMAKE_PREFIX_PATH=/opt/ros/humble /usr/bin/cmake --install /home/ashish/arduinobot_ws/build/arduinobot_controller
